<?xml version="1.0" encoding="UTF-8" ?>
<testsuite failures="0" time="0.123" errors="3" skipped="0" tests="3" name="org.megam.core.BootStrapChefTest">
  <properties>
    <property name="java.runtime.name" value="OpenJDK Runtime Environment"/>
    <property name="sun.boot.library.path" value="/usr/lib/jvm/java-7-openjdk-amd64/jre/lib/amd64"/>
    <property name="java.vm.version" value="23.7-b01"/>
    <property name="java.vm.vendor" value="Oracle Corporation"/>
    <property name="java.vendor.url" value="http://java.oracle.com/"/>
    <property name="path.separator" value=":"/>
    <property name="guice.disable.misplaced.annotation.check" value="true"/>
    <property name="java.vm.name" value="OpenJDK 64-Bit Server VM"/>
    <property name="file.encoding.pkg" value="sun.io"/>
    <property name="user.country" value="IN"/>
    <property name="sun.java.launcher" value="SUN_STANDARD"/>
    <property name="sun.os.patch.level" value="unknown"/>
    <property name="java.vm.specification.name" value="Java Virtual Machine Specification"/>
    <property name="user.dir" value="/home/rajthilak/code/megam/workspace/megam_chef"/>
    <property name="java.runtime.version" value="1.7.0_17-b02"/>
    <property name="java.awt.graphicsenv" value="sun.awt.X11GraphicsEnvironment"/>
    <property name="java.endorsed.dirs" value="/usr/lib/jvm/java-7-openjdk-amd64/jre/lib/endorsed"/>
    <property name="os.arch" value="amd64"/>
    <property name="java.io.tmpdir" value="/tmp"/>
    <property name="line.separator" value="
"/>
    <property name="java.vm.specification.vendor" value="Oracle Corporation"/>
    <property name="os.name" value="Linux"/>
    <property name="classworlds.conf" value="/home/rajthilak/software/apache/maven/bin/m2.conf"/>
    <property name="sun.jnu.encoding" value="UTF-8"/>
    <property name="java.library.path" value="/usr/java/packages/lib/amd64:/usr/lib/jni:/lib:/usr/lib"/>
    <property name="java.specification.name" value="Java Platform API Specification"/>
    <property name="java.class.version" value="51.0"/>
    <property name="sun.management.compiler" value="HotSpot 64-Bit Tiered Compilers"/>
    <property name="os.version" value="3.8.0-16-generic"/>
    <property name="user.home" value="/home/rajthilak"/>
    <property name="user.timezone" value="Asia/Kolkata"/>
    <property name="java.awt.printerjob" value="sun.print.PSPrinterJob"/>
    <property name="file.encoding" value="UTF-8"/>
    <property name="java.specification.version" value="1.7"/>
    <property name="user.name" value="rajthilak"/>
    <property name="java.class.path" value="/home/rajthilak/software/apache/maven/boot/plexus-classworlds-2.4.jar"/>
    <property name="java.vm.specification.version" value="1.7"/>
    <property name="sun.arch.data.model" value="64"/>
    <property name="java.home" value="/usr/lib/jvm/java-7-openjdk-amd64/jre"/>
    <property name="sun.java.command" value="org.codehaus.plexus.classworlds.launcher.Launcher test"/>
    <property name="java.specification.vendor" value="Oracle Corporation"/>
    <property name="user.language" value="en"/>
    <property name="awt.toolkit" value="sun.awt.X11.XToolkit"/>
    <property name="java.vm.info" value="mixed mode"/>
    <property name="java.version" value="1.7.0_17"/>
    <property name="java.ext.dirs" value="/usr/lib/jvm/java-7-openjdk-amd64/jre/lib/ext:/usr/java/packages/lib/ext"/>
    <property name="securerandom.source" value="file:/dev/./urandom"/>
    <property name="sun.boot.class.path" value="/usr/lib/jvm/java-7-openjdk-amd64/jre/lib/resources.jar:/usr/lib/jvm/java-7-openjdk-amd64/jre/lib/rt.jar:/usr/lib/jvm/java-7-openjdk-amd64/jre/lib/sunrsasign.jar:/usr/lib/jvm/java-7-openjdk-amd64/jre/lib/jsse.jar:/usr/lib/jvm/java-7-openjdk-amd64/jre/lib/jce.jar:/usr/lib/jvm/java-7-openjdk-amd64/jre/lib/charsets.jar:/usr/lib/jvm/java-7-openjdk-amd64/jre/lib/netx.jar:/usr/lib/jvm/java-7-openjdk-amd64/jre/lib/plugin.jar:/usr/lib/jvm/java-7-openjdk-amd64/jre/lib/rhino.jar:/usr/lib/jvm/java-7-openjdk-amd64/jre/lib/jfr.jar:/usr/lib/jvm/java-7-openjdk-amd64/jre/classes"/>
    <property name="java.vendor" value="Oracle Corporation"/>
    <property name="maven.home" value="/home/rajthilak/software/apache/maven"/>
    <property name="file.separator" value="/"/>
    <property name="java.vendor.url.bug" value="http://bugreport.sun.com/bugreport/"/>
    <property name="sun.cpu.endian" value="little"/>
    <property name="sun.io.unicode.encoding" value="UnicodeLittle"/>
    <property name="sun.desktop" value="gnome"/>
    <property name="sun.cpu.isalist" value=""/>
  </properties>
  <testcase time="0.114" classname="org.megam.core.BootStrapChefTest" name="testVersion">
    <error message="null; Can&apos;t construct a java object for tag:yaml.org,2002:org.megam.chef.AppYamlLoadedSetup; exception=Cannot create property=megamchef for JavaBean=org.megam.chef.AppYamlLoadedSetup@5cd99967; Unable to find property &apos;megamchef&apos; on class: org.megam.chef.AppYamlLoadedSetup;  in &apos;reader&apos;, line 1, column 1:
    megamchef:
    ^" type="org.yaml.snakeyaml.constructor.ConstructorException">org.yaml.snakeyaml.constructor.ConstructorException: null; Can&apos;t construct a java object for tag:yaml.org,2002:org.megam.chef.AppYamlLoadedSetup; exception=Cannot create property=megamchef for JavaBean=org.megam.chef.AppYamlLoadedSetup@5cd99967; Unable to find property &apos;megamchef&apos; on class: org.megam.chef.AppYamlLoadedSetup;  in &apos;reader&apos;, line 1, column 1:
    megamchef:
    ^
	at org.yaml.snakeyaml.introspector.PropertyUtils.getProperty(PropertyUtils.java:132)
	at org.yaml.snakeyaml.introspector.PropertyUtils.getProperty(PropertyUtils.java:121)
	at org.yaml.snakeyaml.constructor.Constructor$ConstructMapping.getProperty(Constructor.java:308)
	at org.yaml.snakeyaml.constructor.Constructor$ConstructMapping.constructJavaBean2ndStep(Constructor.java:240)
	at org.yaml.snakeyaml.constructor.Constructor$ConstructMapping.construct(Constructor.java:189)
	at org.yaml.snakeyaml.constructor.Constructor$ConstructYamlObject.construct(Constructor.java:331)
	at org.yaml.snakeyaml.constructor.BaseConstructor.constructObject(BaseConstructor.java:182)
	at org.yaml.snakeyaml.constructor.BaseConstructor.constructDocument(BaseConstructor.java:141)
	at org.yaml.snakeyaml.constructor.BaseConstructor.getSingleData(BaseConstructor.java:127)
	at org.yaml.snakeyaml.Yaml.loadFromReader(Yaml.java:481)
	at org.yaml.snakeyaml.Yaml.load(Yaml.java:412)
	at org.megam.chef.AppYamlLoader.load(AppYamlLoader.java:56)
	at org.megam.chef.AppYamlLoader.&lt;init&gt;(AppYamlLoader.java:43)
	at org.megam.chef.BootStrapChef.configure(BootStrapChef.java:56)
	at org.megam.chef.BootStrapChef.&lt;init&gt;(BootStrapChef.java:32)
	at org.megam.chef.BootStrapChef.boot(BootStrapChef.java:38)
	at org.megam.core.BootStrapChefTest.setUp(BootStrapChefTest.java:39)
</error>
    <system-out>Working Directory = /home/rajthilak/code/megam/workspace/megam_chef
/home/rajthilak/code/megam/workspace/megam_chef/conf/app.yaml
java.io.FileInputStream@3c21251c
44
</system-out>
  </testcase>
  <testcase time="0.004" classname="org.megam.core.BootStrapChefTest" name="testMegamChefYaml">
    <error message="null; Can&apos;t construct a java object for tag:yaml.org,2002:org.megam.chef.AppYamlLoadedSetup; exception=Cannot create property=megamchef for JavaBean=org.megam.chef.AppYamlLoadedSetup@402c507f; Unable to find property &apos;megamchef&apos; on class: org.megam.chef.AppYamlLoadedSetup;  in &apos;reader&apos;, line 1, column 1:
    megamchef:
    ^" type="org.yaml.snakeyaml.constructor.ConstructorException">org.yaml.snakeyaml.constructor.ConstructorException: null; Can&apos;t construct a java object for tag:yaml.org,2002:org.megam.chef.AppYamlLoadedSetup; exception=Cannot create property=megamchef for JavaBean=org.megam.chef.AppYamlLoadedSetup@402c507f; Unable to find property &apos;megamchef&apos; on class: org.megam.chef.AppYamlLoadedSetup;  in &apos;reader&apos;, line 1, column 1:
    megamchef:
    ^
	at org.yaml.snakeyaml.introspector.PropertyUtils.getProperty(PropertyUtils.java:132)
	at org.yaml.snakeyaml.introspector.PropertyUtils.getProperty(PropertyUtils.java:121)
	at org.yaml.snakeyaml.constructor.Constructor$ConstructMapping.getProperty(Constructor.java:308)
	at org.yaml.snakeyaml.constructor.Constructor$ConstructMapping.constructJavaBean2ndStep(Constructor.java:240)
	at org.yaml.snakeyaml.constructor.Constructor$ConstructMapping.construct(Constructor.java:189)
	at org.yaml.snakeyaml.constructor.Constructor$ConstructYamlObject.construct(Constructor.java:331)
	at org.yaml.snakeyaml.constructor.BaseConstructor.constructObject(BaseConstructor.java:182)
	at org.yaml.snakeyaml.constructor.BaseConstructor.constructDocument(BaseConstructor.java:141)
	at org.yaml.snakeyaml.constructor.BaseConstructor.getSingleData(BaseConstructor.java:127)
	at org.yaml.snakeyaml.Yaml.loadFromReader(Yaml.java:481)
	at org.yaml.snakeyaml.Yaml.load(Yaml.java:412)
	at org.megam.chef.AppYamlLoader.load(AppYamlLoader.java:56)
	at org.megam.chef.AppYamlLoader.&lt;init&gt;(AppYamlLoader.java:43)
	at org.megam.chef.BootStrapChef.configure(BootStrapChef.java:56)
	at org.megam.chef.BootStrapChef.&lt;init&gt;(BootStrapChef.java:32)
	at org.megam.chef.BootStrapChef.boot(BootStrapChef.java:38)
	at org.megam.core.BootStrapChefTest.setUp(BootStrapChefTest.java:39)
</error>
    <system-out>Working Directory = /home/rajthilak/code/megam/workspace/megam_chef
/home/rajthilak/code/megam/workspace/megam_chef/conf/app.yaml
java.io.FileInputStream@48f478b4
44
</system-out>
  </testcase>
  <testcase time="0.005" classname="org.megam.core.BootStrapChefTest" name="testMegamChefRoot">
    <error message="null; Can&apos;t construct a java object for tag:yaml.org,2002:org.megam.chef.AppYamlLoadedSetup; exception=Cannot create property=megamchef for JavaBean=org.megam.chef.AppYamlLoadedSetup@11f7ef62; Unable to find property &apos;megamchef&apos; on class: org.megam.chef.AppYamlLoadedSetup;  in &apos;reader&apos;, line 1, column 1:
    megamchef:
    ^" type="org.yaml.snakeyaml.constructor.ConstructorException">org.yaml.snakeyaml.constructor.ConstructorException: null; Can&apos;t construct a java object for tag:yaml.org,2002:org.megam.chef.AppYamlLoadedSetup; exception=Cannot create property=megamchef for JavaBean=org.megam.chef.AppYamlLoadedSetup@11f7ef62; Unable to find property &apos;megamchef&apos; on class: org.megam.chef.AppYamlLoadedSetup;  in &apos;reader&apos;, line 1, column 1:
    megamchef:
    ^
	at org.yaml.snakeyaml.introspector.PropertyUtils.getProperty(PropertyUtils.java:132)
	at org.yaml.snakeyaml.introspector.PropertyUtils.getProperty(PropertyUtils.java:121)
	at org.yaml.snakeyaml.constructor.Constructor$ConstructMapping.getProperty(Constructor.java:308)
	at org.yaml.snakeyaml.constructor.Constructor$ConstructMapping.constructJavaBean2ndStep(Constructor.java:240)
	at org.yaml.snakeyaml.constructor.Constructor$ConstructMapping.construct(Constructor.java:189)
	at org.yaml.snakeyaml.constructor.Constructor$ConstructYamlObject.construct(Constructor.java:331)
	at org.yaml.snakeyaml.constructor.BaseConstructor.constructObject(BaseConstructor.java:182)
	at org.yaml.snakeyaml.constructor.BaseConstructor.constructDocument(BaseConstructor.java:141)
	at org.yaml.snakeyaml.constructor.BaseConstructor.getSingleData(BaseConstructor.java:127)
	at org.yaml.snakeyaml.Yaml.loadFromReader(Yaml.java:481)
	at org.yaml.snakeyaml.Yaml.load(Yaml.java:412)
	at org.megam.chef.AppYamlLoader.load(AppYamlLoader.java:56)
	at org.megam.chef.AppYamlLoader.&lt;init&gt;(AppYamlLoader.java:43)
	at org.megam.chef.BootStrapChef.configure(BootStrapChef.java:56)
	at org.megam.chef.BootStrapChef.&lt;init&gt;(BootStrapChef.java:32)
	at org.megam.chef.BootStrapChef.boot(BootStrapChef.java:38)
	at org.megam.core.BootStrapChefTest.setUp(BootStrapChefTest.java:39)
</error>
    <system-out>Working Directory = /home/rajthilak/code/megam/workspace/megam_chef
/home/rajthilak/code/megam/workspace/megam_chef/conf/app.yaml
java.io.FileInputStream@1d58e2c3
44
</system-out>
  </testcase>
</testsuite>